<?xml version="1.0" encoding="UTF-8"?>
<testsuite name="microservice.pacientes.PacientesApplicationTests" tests="1" skipped="0" failures="0" errors="0" timestamp="2025-07-03T18:15:21.290Z" hostname="nicolas" time="0.603">
  <properties/>
  <testcase name="contextLoads()" classname="microservice.pacientes.PacientesApplicationTests" time="0.603"/>
  <system-out><![CDATA[15:15:15.022 [Test worker] INFO org.springframework.test.context.support.AnnotationConfigContextLoaderUtils -- Could not detect default configuration classes for test class [microservice.pacientes.PacientesApplicationTests]: PacientesApplicationTests does not declare any static, non-private, non-final, nested classes annotated with @Configuration.
15:15:15.272 [Test worker] INFO org.springframework.boot.test.context.SpringBootTestContextBootstrapper -- Found @SpringBootConfiguration microservice.pacientes.PacientesApplication for test class microservice.pacientes.PacientesApplicationTests

  .   ____          _            __ _ _
 /\\ / ___'_ __ _ _(_)_ __  __ _ \ \ \ \
( ( )\___ | '_ | '_| | '_ \/ _` | \ \ \ \
 \\/  ___)| |_)| | | | | || (_| |  ) ) ) )
  '  |____| .__|_| |_|_| |_\__, | / / / /
 =========|_|==============|___/=/_/_/_/

 :: Spring Boot ::                (v3.5.3)

2025-07-03T15:15:15.868-03:00  INFO 12747 --- [pacientes] [    Test worker] m.pacientes.PacientesApplicationTests    : Starting PacientesApplicationTests using Java 17.0.15 with PID 12747 (started by nicolas in /home/nicolas/Desktop/teamcubation-client/swiss-medical)
2025-07-03T15:15:15.869-03:00  INFO 12747 --- [pacientes] [    Test worker] m.pacientes.PacientesApplicationTests    : No active profile set, falling back to 1 default profile: "default"
2025-07-03T15:15:17.024-03:00  INFO 12747 --- [pacientes] [    Test worker] .s.d.r.c.RepositoryConfigurationDelegate : Bootstrapping Spring Data JPA repositories in DEFAULT mode.
2025-07-03T15:15:17.085-03:00  INFO 12747 --- [pacientes] [    Test worker] .s.d.r.c.RepositoryConfigurationDelegate : Finished Spring Data repository scanning in 48 ms. Found 1 JPA repository interface.
2025-07-03T15:15:17.589-03:00  INFO 12747 --- [pacientes] [    Test worker] o.hibernate.jpa.internal.util.LogHelper  : HHH000204: Processing PersistenceUnitInfo [name: default]
2025-07-03T15:15:17.637-03:00  INFO 12747 --- [pacientes] [    Test worker] org.hibernate.Version                    : HHH000412: Hibernate ORM core version 6.6.18.Final
2025-07-03T15:15:17.693-03:00  INFO 12747 --- [pacientes] [    Test worker] o.h.c.internal.RegionFactoryInitiator    : HHH000026: Second-level cache disabled
2025-07-03T15:15:18.028-03:00  INFO 12747 --- [pacientes] [    Test worker] o.s.o.j.p.SpringPersistenceUnitInfo      : No LoadTimeWeaver setup: ignoring JPA class transformer
2025-07-03T15:15:18.071-03:00  INFO 12747 --- [pacientes] [    Test worker] com.zaxxer.hikari.HikariDataSource       : HikariPool-1 - Starting...
2025-07-03T15:15:18.354-03:00  INFO 12747 --- [pacientes] [    Test worker] com.zaxxer.hikari.pool.HikariPool        : HikariPool-1 - Added connection com.mysql.cj.jdbc.ConnectionImpl@7c31e410
2025-07-03T15:15:18.358-03:00  INFO 12747 --- [pacientes] [    Test worker] com.zaxxer.hikari.HikariDataSource       : HikariPool-1 - Start completed.
2025-07-03T15:15:18.421-03:00  WARN 12747 --- [pacientes] [    Test worker] org.hibernate.orm.deprecation            : HHH90000025: MySQL8Dialect does not need to be specified explicitly using 'hibernate.dialect' (remove the property setting and it will be selected by default)
2025-07-03T15:15:18.423-03:00  WARN 12747 --- [pacientes] [    Test worker] org.hibernate.orm.deprecation            : HHH90000026: MySQL8Dialect has been deprecated; use org.hibernate.dialect.MySQLDialect instead
2025-07-03T15:15:18.459-03:00  INFO 12747 --- [pacientes] [    Test worker] org.hibernate.orm.connections.pooling    : HHH10001005: Database info:
	Database JDBC URL [Connecting through datasource 'HikariDataSource (HikariPool-1)']
	Database driver: undefined/unknown
	Database version: 8.0
	Autocommit mode: undefined/unknown
	Isolation level: undefined/unknown
	Minimum pool size: undefined/unknown
	Maximum pool size: undefined/unknown
2025-07-03T15:15:19.692-03:00  INFO 12747 --- [pacientes] [    Test worker] o.h.e.t.j.p.i.JtaPlatformInitiator       : HHH000489: No JTA platform available (set 'hibernate.transaction.jta.platform' to enable JTA platform integration)
2025-07-03T15:15:19.797-03:00  INFO 12747 --- [pacientes] [    Test worker] j.LocalContainerEntityManagerFactoryBean : Initialized JPA EntityManagerFactory for persistence unit 'default'
2025-07-03T15:15:20.661-03:00  WARN 12747 --- [pacientes] [    Test worker] JpaBaseConfiguration$JpaWebConfiguration : spring.jpa.open-in-view is enabled by default. Therefore, database queries may be performed during view rendering. Explicitly configure spring.jpa.open-in-view to disable this warning
2025-07-03T15:15:21.270-03:00  INFO 12747 --- [pacientes] [    Test worker] m.pacientes.PacientesApplicationTests    : Started PacientesApplicationTests in 5.784 seconds (process running for 9.623)
]]></system-out>
  <system-err><![CDATA[]]></system-err>
</testsuite>
